<?xml version="1.0" encoding="UTF-8"?>
<coverage generated="1750502510522" clover="3.2.0">
  <project timestamp="1750502510522" name="All files">
    <metrics statements="115" coveredstatements="114" conditionals="87" coveredconditionals="87" methods="30" coveredmethods="29" elements="232" coveredelements="230" complexity="0" loc="115" ncloc="115" packages="1" files="1" classes="1"/>
    <file name="schema.js" path="/Users/lazizbekkahramonov/code/vention/edu-ai-challenge-2025/8/schema.js">
      <metrics statements="115" coveredstatements="114" conditionals="87" coveredconditionals="87" methods="30" coveredmethods="29"/>
      <line num="15" count="69" type="stmt"/>
      <line num="21" count="69" type="stmt"/>
      <line num="30" count="217" type="cond" truecount="4" falsecount="0"/>
      <line num="31" count="11" type="cond" truecount="2" falsecount="0"/>
      <line num="32" count="5" type="stmt"/>
      <line num="34" count="6" type="stmt"/>
      <line num="41" count="206" type="stmt"/>
      <line num="51" count="0" type="stmt"/>
      <line num="59" count="7" type="stmt"/>
      <line num="60" count="7" type="stmt"/>
      <line num="69" count="3" type="stmt"/>
      <line num="70" count="3" type="stmt"/>
      <line num="82" count="30" type="stmt"/>
      <line num="88" count="30" type="stmt"/>
      <line num="94" count="30" type="stmt"/>
      <line num="100" count="92" type="stmt"/>
      <line num="102" count="92" type="cond" truecount="2" falsecount="0"/>
      <line num="103" count="9" type="cond" truecount="2" falsecount="0"/>
      <line num="104" count="9" type="stmt"/>
      <line num="107" count="83" type="cond" truecount="4" falsecount="0"/>
      <line num="108" count="2" type="stmt"/>
      <line num="111" count="83" type="cond" truecount="4" falsecount="0"/>
      <line num="112" count="2" type="stmt"/>
      <line num="115" count="83" type="cond" truecount="4" falsecount="0"/>
      <line num="116" count="5" type="cond" truecount="2" falsecount="0"/>
      <line num="119" count="83" type="stmt"/>
      <line num="128" count="4" type="stmt"/>
      <line num="129" count="4" type="stmt"/>
      <line num="138" count="4" type="stmt"/>
      <line num="139" count="4" type="stmt"/>
      <line num="148" count="6" type="stmt"/>
      <line num="149" count="6" type="stmt"/>
      <line num="161" count="10" type="stmt"/>
      <line num="167" count="10" type="stmt"/>
      <line num="173" count="10" type="stmt"/>
      <line num="179" count="37" type="stmt"/>
      <line num="181" count="37" type="cond" truecount="4" falsecount="0"/>
      <line num="182" count="5" type="cond" truecount="2" falsecount="0"/>
      <line num="183" count="5" type="stmt"/>
      <line num="186" count="32" type="cond" truecount="4" falsecount="0"/>
      <line num="187" count="3" type="stmt"/>
      <line num="190" count="32" type="cond" truecount="4" falsecount="0"/>
      <line num="191" count="3" type="stmt"/>
      <line num="194" count="32" type="cond" truecount="4" falsecount="0"/>
      <line num="195" count="2" type="stmt"/>
      <line num="198" count="32" type="stmt"/>
      <line num="207" count="3" type="stmt"/>
      <line num="208" count="3" type="stmt"/>
      <line num="217" count="2" type="stmt"/>
      <line num="218" count="2" type="stmt"/>
      <line num="226" count="2" type="stmt"/>
      <line num="227" count="2" type="stmt"/>
      <line num="239" count="10" type="cond" truecount="2" falsecount="0"/>
      <line num="240" count="3" type="stmt"/>
      <line num="246" count="7" type="stmt"/>
      <line num="258" count="5" type="stmt"/>
      <line num="264" count="5" type="stmt"/>
      <line num="270" count="17" type="stmt"/>
      <line num="273" count="17" type="cond" truecount="2" falsecount="0"/>
      <line num="275" count="17" type="cond" truecount="4" falsecount="0"/>
      <line num="276" count="2" type="cond" truecount="2" falsecount="0"/>
      <line num="277" count="2" type="stmt"/>
      <line num="280" count="15" type="cond" truecount="4" falsecount="0"/>
      <line num="281" count="2" type="stmt"/>
      <line num="284" count="15" type="cond" truecount="4" falsecount="0"/>
      <line num="285" count="2" type="stmt"/>
      <line num="288" count="15" type="stmt"/>
      <line num="297" count="2" type="stmt"/>
      <line num="298" count="2" type="stmt"/>
      <line num="307" count="2" type="stmt"/>
      <line num="308" count="2" type="stmt"/>
      <line num="328" count="10" type="stmt"/>
      <line num="329" count="10" type="stmt"/>
      <line num="336" count="24" type="stmt"/>
      <line num="338" count="24" type="cond" truecount="5" falsecount="0"/>
      <line num="339" count="3" type="cond" truecount="2" falsecount="0"/>
      <line num="340" count="3" type="stmt"/>
      <line num="344" count="21" type="stmt"/>
      <line num="345" count="80" type="stmt"/>
      <line num="346" count="80" type="stmt"/>
      <line num="348" count="80" type="cond" truecount="2" falsecount="0"/>
      <line num="349" count="9" type="stmt"/>
      <line num="353" count="21" type="stmt"/>
      <line num="372" count="8" type="stmt"/>
      <line num="378" count="8" type="stmt"/>
      <line num="385" count="8" type="stmt"/>
      <line num="386" count="8" type="stmt"/>
      <line num="393" count="26" type="stmt"/>
      <line num="395" count="26" type="cond" truecount="2" falsecount="0"/>
      <line num="396" count="2" type="cond" truecount="2" falsecount="0"/>
      <line num="397" count="2" type="stmt"/>
      <line num="400" count="24" type="cond" truecount="4" falsecount="0"/>
      <line num="401" count="2" type="stmt"/>
      <line num="404" count="24" type="cond" truecount="4" falsecount="0"/>
      <line num="405" count="1" type="stmt"/>
      <line num="409" count="24" type="stmt"/>
      <line num="410" count="41" type="stmt"/>
      <line num="411" count="41" type="cond" truecount="2" falsecount="0"/>
      <line num="412" count="5" type="stmt"/>
      <line num="416" count="24" type="stmt"/>
      <line num="425" count="1" type="stmt"/>
      <line num="426" count="1" type="stmt"/>
      <line num="435" count="1" type="stmt"/>
      <line num="436" count="1" type="stmt"/>
      <line num="449" count="30" type="stmt"/>
      <line num="457" count="10" type="stmt"/>
      <line num="465" count="3" type="stmt"/>
      <line num="473" count="5" type="stmt"/>
      <line num="483" count="10" type="stmt"/>
      <line num="493" count="8" type="stmt"/>
      <line num="498" count="1" type="stmt"/>
      <line num="502" count="1" type="stmt"/>
      <line num="509" count="1" type="stmt"/>
      <line num="521" count="1" type="stmt"/>
      <line num="535" count="1" type="stmt"/>
    </file>
  </project>
</coverage>
