{"/Users/lazizbekkahramonov/code/vention/edu-ai-challenge-2025/8/schema.js": {"path":"/Users/lazizbekkahramonov/code/vention/edu-ai-challenge-2025/8/schema.js","statementMap":{"0":{"start":{"line":15,"column":18},"end":{"line":15,"column":22}},"1":{"start":{"line":21,"column":16},"end":{"line":21,"column":21}},"2":{"start":{"line":30,"column":4},"end":{"line":39,"column":5}},"3":{"start":{"line":31,"column":6},"end":{"line":38,"column":7}},"4":{"start":{"line":32,"column":8},"end":{"line":32,"column":45}},"5":{"start":{"line":34,"column":8},"end":{"line":37,"column":10}},"6":{"start":{"line":41,"column":4},"end":{"line":41,"column":33}},"7":{"start":{"line":51,"column":4},"end":{"line":51,"column":72}},"8":{"start":{"line":59,"column":4},"end":{"line":59,"column":28}},"9":{"start":{"line":60,"column":4},"end":{"line":60,"column":16}},"10":{"start":{"line":69,"column":4},"end":{"line":69,"column":33}},"11":{"start":{"line":70,"column":4},"end":{"line":70,"column":16}},"12":{"start":{"line":82,"column":15},"end":{"line":82,"column":19}},"13":{"start":{"line":88,"column":15},"end":{"line":88,"column":19}},"14":{"start":{"line":94,"column":13},"end":{"line":94,"column":17}},"15":{"start":{"line":100,"column":19},"end":{"line":100,"column":21}},"16":{"start":{"line":102,"column":4},"end":{"line":105,"column":5}},"17":{"start":{"line":103,"column":6},"end":{"line":103,"column":66}},"18":{"start":{"line":104,"column":6},"end":{"line":104,"column":40}},"19":{"start":{"line":107,"column":4},"end":{"line":109,"column":5}},"20":{"start":{"line":108,"column":6},"end":{"line":108,"column":80}},"21":{"start":{"line":111,"column":4},"end":{"line":113,"column":5}},"22":{"start":{"line":112,"column":6},"end":{"line":112,"column":79}},"23":{"start":{"line":115,"column":4},"end":{"line":117,"column":5}},"24":{"start":{"line":116,"column":6},"end":{"line":116,"column":86}},"25":{"start":{"line":119,"column":4},"end":{"line":119,"column":52}},"26":{"start":{"line":128,"column":4},"end":{"line":128,"column":29}},"27":{"start":{"line":129,"column":4},"end":{"line":129,"column":16}},"28":{"start":{"line":138,"column":4},"end":{"line":138,"column":29}},"29":{"start":{"line":139,"column":4},"end":{"line":139,"column":16}},"30":{"start":{"line":148,"column":4},"end":{"line":148,"column":26}},"31":{"start":{"line":149,"column":4},"end":{"line":149,"column":16}},"32":{"start":{"line":161,"column":9},"end":{"line":161,"column":13}},"33":{"start":{"line":167,"column":9},"end":{"line":167,"column":13}},"34":{"start":{"line":173,"column":13},"end":{"line":173,"column":18}},"35":{"start":{"line":179,"column":19},"end":{"line":179,"column":21}},"36":{"start":{"line":181,"column":4},"end":{"line":184,"column":5}},"37":{"start":{"line":182,"column":6},"end":{"line":182,"column":66}},"38":{"start":{"line":183,"column":6},"end":{"line":183,"column":40}},"39":{"start":{"line":186,"column":4},"end":{"line":188,"column":5}},"40":{"start":{"line":187,"column":6},"end":{"line":187,"column":46}},"41":{"start":{"line":190,"column":4},"end":{"line":192,"column":5}},"42":{"start":{"line":191,"column":6},"end":{"line":191,"column":58}},"43":{"start":{"line":194,"column":4},"end":{"line":196,"column":5}},"44":{"start":{"line":195,"column":6},"end":{"line":195,"column":57}},"45":{"start":{"line":198,"column":4},"end":{"line":198,"column":52}},"46":{"start":{"line":207,"column":4},"end":{"line":207,"column":22}},"47":{"start":{"line":208,"column":4},"end":{"line":208,"column":16}},"48":{"start":{"line":217,"column":4},"end":{"line":217,"column":22}},"49":{"start":{"line":218,"column":4},"end":{"line":218,"column":16}},"50":{"start":{"line":226,"column":4},"end":{"line":226,"column":25}},"51":{"start":{"line":227,"column":4},"end":{"line":227,"column":16}},"52":{"start":{"line":239,"column":4},"end":{"line":244,"column":5}},"53":{"start":{"line":240,"column":6},"end":{"line":243,"column":8}},"54":{"start":{"line":246,"column":4},"end":{"line":246,"column":41}},"55":{"start":{"line":258,"column":9},"end":{"line":258,"column":13}},"56":{"start":{"line":264,"column":9},"end":{"line":264,"column":13}},"57":{"start":{"line":270,"column":19},"end":{"line":270,"column":21}},"58":{"start":{"line":273,"column":17},"end":{"line":273,"column":64}},"59":{"start":{"line":275,"column":4},"end":{"line":278,"column":5}},"60":{"start":{"line":276,"column":6},"end":{"line":276,"column":70}},"61":{"start":{"line":277,"column":6},"end":{"line":277,"column":40}},"62":{"start":{"line":280,"column":4},"end":{"line":282,"column":5}},"63":{"start":{"line":281,"column":6},"end":{"line":281,"column":73}},"64":{"start":{"line":284,"column":4},"end":{"line":286,"column":5}},"65":{"start":{"line":285,"column":6},"end":{"line":285,"column":74}},"66":{"start":{"line":288,"column":4},"end":{"line":288,"column":52}},"67":{"start":{"line":297,"column":4},"end":{"line":297,"column":21}},"68":{"start":{"line":298,"column":4},"end":{"line":298,"column":16}},"69":{"start":{"line":307,"column":4},"end":{"line":307,"column":21}},"70":{"start":{"line":308,"column":4},"end":{"line":308,"column":16}},"71":{"start":{"line":328,"column":4},"end":{"line":328,"column":12}},"72":{"start":{"line":329,"column":4},"end":{"line":329,"column":26}},"73":{"start":{"line":336,"column":19},"end":{"line":336,"column":21}},"74":{"start":{"line":338,"column":4},"end":{"line":341,"column":5}},"75":{"start":{"line":339,"column":6},"end":{"line":339,"column":67}},"76":{"start":{"line":340,"column":6},"end":{"line":340,"column":40}},"77":{"start":{"line":344,"column":4},"end":{"line":351,"column":5}},"78":{"start":{"line":345,"column":25},"end":{"line":345,"column":35}},"79":{"start":{"line":346,"column":26},"end":{"line":346,"column":56}},"80":{"start":{"line":348,"column":6},"end":{"line":350,"column":7}},"81":{"start":{"line":349,"column":8},"end":{"line":349,"column":72}},"82":{"start":{"line":349,"column":53},"end":{"line":349,"column":69}},"83":{"start":{"line":353,"column":4},"end":{"line":353,"column":52}},"84":{"start":{"line":372,"column":14},"end":{"line":372,"column":18}},"85":{"start":{"line":378,"column":14},"end":{"line":378,"column":18}},"86":{"start":{"line":385,"column":4},"end":{"line":385,"column":12}},"87":{"start":{"line":386,"column":4},"end":{"line":386,"column":40}},"88":{"start":{"line":393,"column":19},"end":{"line":393,"column":21}},"89":{"start":{"line":395,"column":4},"end":{"line":398,"column":5}},"90":{"start":{"line":396,"column":6},"end":{"line":396,"column":66}},"91":{"start":{"line":397,"column":6},"end":{"line":397,"column":40}},"92":{"start":{"line":400,"column":4},"end":{"line":402,"column":5}},"93":{"start":{"line":401,"column":6},"end":{"line":401,"column":73}},"94":{"start":{"line":404,"column":4},"end":{"line":406,"column":5}},"95":{"start":{"line":405,"column":6},"end":{"line":405,"column":72}},"96":{"start":{"line":409,"column":4},"end":{"line":414,"column":5}},"97":{"start":{"line":409,"column":17},"end":{"line":409,"column":18}},"98":{"start":{"line":410,"column":25},"end":{"line":410,"column":63}},"99":{"start":{"line":411,"column":6},"end":{"line":413,"column":7}},"100":{"start":{"line":412,"column":8},"end":{"line":412,"column":83}},"101":{"start":{"line":412,"column":52},"end":{"line":412,"column":80}},"102":{"start":{"line":416,"column":4},"end":{"line":416,"column":52}},"103":{"start":{"line":425,"column":4},"end":{"line":425,"column":27}},"104":{"start":{"line":426,"column":4},"end":{"line":426,"column":16}},"105":{"start":{"line":435,"column":4},"end":{"line":435,"column":27}},"106":{"start":{"line":436,"column":4},"end":{"line":436,"column":16}},"107":{"start":{"line":449,"column":4},"end":{"line":449,"column":33}},"108":{"start":{"line":457,"column":4},"end":{"line":457,"column":33}},"109":{"start":{"line":465,"column":4},"end":{"line":465,"column":34}},"110":{"start":{"line":473,"column":4},"end":{"line":473,"column":31}},"111":{"start":{"line":483,"column":4},"end":{"line":483,"column":39}},"112":{"start":{"line":493,"column":4},"end":{"line":493,"column":45}},"113":{"start":{"line":498,"column":0},"end":{"line":498,"column":39}},"114":{"start":{"line":502,"column":22},"end":{"line":507,"column":2}},"115":{"start":{"line":509,"column":19},"end":{"line":518,"column":2}},"116":{"start":{"line":521,"column":17},"end":{"line":533,"column":1}},"117":{"start":{"line":535,"column":15},"end":{"line":535,"column":44}}},"fnMap":{"0":{"name":"(anonymous_0)","decl":{"start":{"line":28,"column":2},"end":{"line":28,"column":3}},"loc":{"start":{"line":28,"column":18},"end":{"line":42,"column":3}},"line":28},"1":{"name":"(anonymous_1)","decl":{"start":{"line":50,"column":2},"end":{"line":50,"column":3}},"loc":{"start":{"line":50,"column":19},"end":{"line":52,"column":3}},"line":50},"2":{"name":"(anonymous_2)","decl":{"start":{"line":58,"column":2},"end":{"line":58,"column":3}},"loc":{"start":{"line":58,"column":13},"end":{"line":61,"column":3}},"line":58},"3":{"name":"(anonymous_3)","decl":{"start":{"line":68,"column":2},"end":{"line":68,"column":3}},"loc":{"start":{"line":68,"column":23},"end":{"line":71,"column":3}},"line":68},"4":{"name":"(anonymous_4)","decl":{"start":{"line":99,"column":2},"end":{"line":99,"column":3}},"loc":{"start":{"line":99,"column":19},"end":{"line":120,"column":3}},"line":99},"5":{"name":"(anonymous_5)","decl":{"start":{"line":127,"column":2},"end":{"line":127,"column":3}},"loc":{"start":{"line":127,"column":20},"end":{"line":130,"column":3}},"line":127},"6":{"name":"(anonymous_6)","decl":{"start":{"line":137,"column":2},"end":{"line":137,"column":3}},"loc":{"start":{"line":137,"column":20},"end":{"line":140,"column":3}},"line":137},"7":{"name":"(anonymous_7)","decl":{"start":{"line":147,"column":2},"end":{"line":147,"column":3}},"loc":{"start":{"line":147,"column":17},"end":{"line":150,"column":3}},"line":147},"8":{"name":"(anonymous_8)","decl":{"start":{"line":178,"column":2},"end":{"line":178,"column":3}},"loc":{"start":{"line":178,"column":19},"end":{"line":199,"column":3}},"line":178},"9":{"name":"(anonymous_9)","decl":{"start":{"line":206,"column":2},"end":{"line":206,"column":3}},"loc":{"start":{"line":206,"column":13},"end":{"line":209,"column":3}},"line":206},"10":{"name":"(anonymous_10)","decl":{"start":{"line":216,"column":2},"end":{"line":216,"column":3}},"loc":{"start":{"line":216,"column":13},"end":{"line":219,"column":3}},"line":216},"11":{"name":"(anonymous_11)","decl":{"start":{"line":225,"column":2},"end":{"line":225,"column":3}},"loc":{"start":{"line":225,"column":12},"end":{"line":228,"column":3}},"line":225},"12":{"name":"(anonymous_12)","decl":{"start":{"line":238,"column":2},"end":{"line":238,"column":3}},"loc":{"start":{"line":238,"column":19},"end":{"line":247,"column":3}},"line":238},"13":{"name":"(anonymous_13)","decl":{"start":{"line":269,"column":2},"end":{"line":269,"column":3}},"loc":{"start":{"line":269,"column":19},"end":{"line":289,"column":3}},"line":269},"14":{"name":"(anonymous_14)","decl":{"start":{"line":296,"column":2},"end":{"line":296,"column":3}},"loc":{"start":{"line":296,"column":12},"end":{"line":299,"column":3}},"line":296},"15":{"name":"(anonymous_15)","decl":{"start":{"line":306,"column":2},"end":{"line":306,"column":3}},"loc":{"start":{"line":306,"column":12},"end":{"line":309,"column":3}},"line":306},"16":{"name":"(anonymous_16)","decl":{"start":{"line":327,"column":2},"end":{"line":327,"column":3}},"loc":{"start":{"line":327,"column":22},"end":{"line":330,"column":3}},"line":327},"17":{"name":"(anonymous_17)","decl":{"start":{"line":335,"column":2},"end":{"line":335,"column":3}},"loc":{"start":{"line":335,"column":19},"end":{"line":354,"column":3}},"line":335},"18":{"name":"(anonymous_18)","decl":{"start":{"line":349,"column":46},"end":{"line":349,"column":47}},"loc":{"start":{"line":349,"column":53},"end":{"line":349,"column":69}},"line":349},"19":{"name":"(anonymous_19)","decl":{"start":{"line":384,"column":2},"end":{"line":384,"column":3}},"loc":{"start":{"line":384,"column":29},"end":{"line":387,"column":3}},"line":384},"20":{"name":"(anonymous_20)","decl":{"start":{"line":392,"column":2},"end":{"line":392,"column":3}},"loc":{"start":{"line":392,"column":19},"end":{"line":417,"column":3}},"line":392},"21":{"name":"(anonymous_21)","decl":{"start":{"line":412,"column":45},"end":{"line":412,"column":46}},"loc":{"start":{"line":412,"column":52},"end":{"line":412,"column":80}},"line":412},"22":{"name":"(anonymous_22)","decl":{"start":{"line":424,"column":2},"end":{"line":424,"column":3}},"loc":{"start":{"line":424,"column":18},"end":{"line":427,"column":3}},"line":424},"23":{"name":"(anonymous_23)","decl":{"start":{"line":434,"column":2},"end":{"line":434,"column":3}},"loc":{"start":{"line":434,"column":18},"end":{"line":437,"column":3}},"line":434},"24":{"name":"(anonymous_24)","decl":{"start":{"line":448,"column":2},"end":{"line":448,"column":3}},"loc":{"start":{"line":448,"column":18},"end":{"line":450,"column":3}},"line":448},"25":{"name":"(anonymous_25)","decl":{"start":{"line":456,"column":2},"end":{"line":456,"column":3}},"loc":{"start":{"line":456,"column":18},"end":{"line":458,"column":3}},"line":456},"26":{"name":"(anonymous_26)","decl":{"start":{"line":464,"column":2},"end":{"line":464,"column":3}},"loc":{"start":{"line":464,"column":19},"end":{"line":466,"column":3}},"line":464},"27":{"name":"(anonymous_27)","decl":{"start":{"line":472,"column":2},"end":{"line":472,"column":3}},"loc":{"start":{"line":472,"column":16},"end":{"line":474,"column":3}},"line":472},"28":{"name":"(anonymous_28)","decl":{"start":{"line":482,"column":2},"end":{"line":482,"column":3}},"loc":{"start":{"line":482,"column":24},"end":{"line":484,"column":3}},"line":482},"29":{"name":"(anonymous_29)","decl":{"start":{"line":492,"column":2},"end":{"line":492,"column":3}},"loc":{"start":{"line":492,"column":30},"end":{"line":494,"column":3}},"line":492}},"branchMap":{"0":{"loc":{"start":{"line":30,"column":4},"end":{"line":39,"column":5}},"type":"if","locations":[{"start":{"line":30,"column":4},"end":{"line":39,"column":5}},{"start":{},"end":{}}],"line":30},"1":{"loc":{"start":{"line":30,"column":8},"end":{"line":30,"column":45}},"type":"binary-expr","locations":[{"start":{"line":30,"column":8},"end":{"line":30,"column":27}},{"start":{"line":30,"column":31},"end":{"line":30,"column":45}}],"line":30},"2":{"loc":{"start":{"line":31,"column":6},"end":{"line":38,"column":7}},"type":"if","locations":[{"start":{"line":31,"column":6},"end":{"line":38,"column":7}},{"start":{"line":33,"column":13},"end":{"line":38,"column":7}}],"line":31},"3":{"loc":{"start":{"line":36,"column":19},"end":{"line":36,"column":60}},"type":"binary-expr","locations":[{"start":{"line":36,"column":19},"end":{"line":36,"column":37}},{"start":{"line":36,"column":41},"end":{"line":36,"column":60}}],"line":36},"4":{"loc":{"start":{"line":102,"column":4},"end":{"line":105,"column":5}},"type":"if","locations":[{"start":{"line":102,"column":4},"end":{"line":105,"column":5}},{"start":{},"end":{}}],"line":102},"5":{"loc":{"start":{"line":103,"column":18},"end":{"line":103,"column":64}},"type":"binary-expr","locations":[{"start":{"line":103,"column":18},"end":{"line":103,"column":36}},{"start":{"line":103,"column":40},"end":{"line":103,"column":64}}],"line":103},"6":{"loc":{"start":{"line":107,"column":4},"end":{"line":109,"column":5}},"type":"if","locations":[{"start":{"line":107,"column":4},"end":{"line":109,"column":5}},{"start":{},"end":{}}],"line":107},"7":{"loc":{"start":{"line":107,"column":8},"end":{"line":107,"column":66}},"type":"binary-expr","locations":[{"start":{"line":107,"column":8},"end":{"line":107,"column":32}},{"start":{"line":107,"column":36},"end":{"line":107,"column":66}}],"line":107},"8":{"loc":{"start":{"line":111,"column":4},"end":{"line":113,"column":5}},"type":"if","locations":[{"start":{"line":111,"column":4},"end":{"line":113,"column":5}},{"start":{},"end":{}}],"line":111},"9":{"loc":{"start":{"line":111,"column":8},"end":{"line":111,"column":66}},"type":"binary-expr","locations":[{"start":{"line":111,"column":8},"end":{"line":111,"column":32}},{"start":{"line":111,"column":36},"end":{"line":111,"column":66}}],"line":111},"10":{"loc":{"start":{"line":115,"column":4},"end":{"line":117,"column":5}},"type":"if","locations":[{"start":{"line":115,"column":4},"end":{"line":117,"column":5}},{"start":{},"end":{}}],"line":115},"11":{"loc":{"start":{"line":115,"column":8},"end":{"line":115,"column":60}},"type":"binary-expr","locations":[{"start":{"line":115,"column":8},"end":{"line":115,"column":30}},{"start":{"line":115,"column":34},"end":{"line":115,"column":60}}],"line":115},"12":{"loc":{"start":{"line":116,"column":18},"end":{"line":116,"column":84}},"type":"binary-expr","locations":[{"start":{"line":116,"column":18},"end":{"line":116,"column":36}},{"start":{"line":116,"column":40},"end":{"line":116,"column":84}}],"line":116},"13":{"loc":{"start":{"line":181,"column":4},"end":{"line":184,"column":5}},"type":"if","locations":[{"start":{"line":181,"column":4},"end":{"line":184,"column":5}},{"start":{},"end":{}}],"line":181},"14":{"loc":{"start":{"line":181,"column":8},"end":{"line":181,"column":49}},"type":"binary-expr","locations":[{"start":{"line":181,"column":8},"end":{"line":181,"column":33}},{"start":{"line":181,"column":37},"end":{"line":181,"column":49}}],"line":181},"15":{"loc":{"start":{"line":182,"column":18},"end":{"line":182,"column":64}},"type":"binary-expr","locations":[{"start":{"line":182,"column":18},"end":{"line":182,"column":36}},{"start":{"line":182,"column":40},"end":{"line":182,"column":64}}],"line":182},"16":{"loc":{"start":{"line":186,"column":4},"end":{"line":188,"column":5}},"type":"if","locations":[{"start":{"line":186,"column":4},"end":{"line":188,"column":5}},{"start":{},"end":{}}],"line":186},"17":{"loc":{"start":{"line":186,"column":8},"end":{"line":186,"column":49}},"type":"binary-expr","locations":[{"start":{"line":186,"column":8},"end":{"line":186,"column":21}},{"start":{"line":186,"column":25},"end":{"line":186,"column":49}}],"line":186},"18":{"loc":{"start":{"line":190,"column":4},"end":{"line":192,"column":5}},"type":"if","locations":[{"start":{"line":190,"column":4},"end":{"line":192,"column":5}},{"start":{},"end":{}}],"line":190},"19":{"loc":{"start":{"line":190,"column":8},"end":{"line":190,"column":47}},"type":"binary-expr","locations":[{"start":{"line":190,"column":8},"end":{"line":190,"column":26}},{"start":{"line":190,"column":30},"end":{"line":190,"column":47}}],"line":190},"20":{"loc":{"start":{"line":194,"column":4},"end":{"line":196,"column":5}},"type":"if","locations":[{"start":{"line":194,"column":4},"end":{"line":196,"column":5}},{"start":{},"end":{}}],"line":194},"21":{"loc":{"start":{"line":194,"column":8},"end":{"line":194,"column":47}},"type":"binary-expr","locations":[{"start":{"line":194,"column":8},"end":{"line":194,"column":26}},{"start":{"line":194,"column":30},"end":{"line":194,"column":47}}],"line":194},"22":{"loc":{"start":{"line":239,"column":4},"end":{"line":244,"column":5}},"type":"if","locations":[{"start":{"line":239,"column":4},"end":{"line":244,"column":5}},{"start":{},"end":{}}],"line":239},"23":{"loc":{"start":{"line":242,"column":17},"end":{"line":242,"column":64}},"type":"binary-expr","locations":[{"start":{"line":242,"column":17},"end":{"line":242,"column":35}},{"start":{"line":242,"column":39},"end":{"line":242,"column":64}}],"line":242},"24":{"loc":{"start":{"line":273,"column":17},"end":{"line":273,"column":64}},"type":"cond-expr","locations":[{"start":{"line":273,"column":41},"end":{"line":273,"column":46}},{"start":{"line":273,"column":49},"end":{"line":273,"column":64}}],"line":273},"25":{"loc":{"start":{"line":275,"column":4},"end":{"line":278,"column":5}},"type":"if","locations":[{"start":{"line":275,"column":4},"end":{"line":278,"column":5}},{"start":{},"end":{}}],"line":275},"26":{"loc":{"start":{"line":275,"column":8},"end":{"line":275,"column":56}},"type":"binary-expr","locations":[{"start":{"line":275,"column":8},"end":{"line":275,"column":31}},{"start":{"line":275,"column":35},"end":{"line":275,"column":56}}],"line":275},"27":{"loc":{"start":{"line":276,"column":18},"end":{"line":276,"column":68}},"type":"binary-expr","locations":[{"start":{"line":276,"column":18},"end":{"line":276,"column":36}},{"start":{"line":276,"column":40},"end":{"line":276,"column":68}}],"line":276},"28":{"loc":{"start":{"line":280,"column":4},"end":{"line":282,"column":5}},"type":"if","locations":[{"start":{"line":280,"column":4},"end":{"line":282,"column":5}},{"start":{},"end":{}}],"line":280},"29":{"loc":{"start":{"line":280,"column":8},"end":{"line":280,"column":46}},"type":"binary-expr","locations":[{"start":{"line":280,"column":8},"end":{"line":280,"column":26}},{"start":{"line":280,"column":30},"end":{"line":280,"column":46}}],"line":280},"30":{"loc":{"start":{"line":284,"column":4},"end":{"line":286,"column":5}},"type":"if","locations":[{"start":{"line":284,"column":4},"end":{"line":286,"column":5}},{"start":{},"end":{}}],"line":284},"31":{"loc":{"start":{"line":284,"column":8},"end":{"line":284,"column":46}},"type":"binary-expr","locations":[{"start":{"line":284,"column":8},"end":{"line":284,"column":26}},{"start":{"line":284,"column":30},"end":{"line":284,"column":46}}],"line":284},"32":{"loc":{"start":{"line":338,"column":4},"end":{"line":341,"column":5}},"type":"if","locations":[{"start":{"line":338,"column":4},"end":{"line":341,"column":5}},{"start":{},"end":{}}],"line":338},"33":{"loc":{"start":{"line":338,"column":8},"end":{"line":338,"column":75}},"type":"binary-expr","locations":[{"start":{"line":338,"column":8},"end":{"line":338,"column":33}},{"start":{"line":338,"column":37},"end":{"line":338,"column":51}},{"start":{"line":338,"column":55},"end":{"line":338,"column":75}}],"line":338},"34":{"loc":{"start":{"line":339,"column":18},"end":{"line":339,"column":65}},"type":"binary-expr","locations":[{"start":{"line":339,"column":18},"end":{"line":339,"column":36}},{"start":{"line":339,"column":40},"end":{"line":339,"column":65}}],"line":339},"35":{"loc":{"start":{"line":348,"column":6},"end":{"line":350,"column":7}},"type":"if","locations":[{"start":{"line":348,"column":6},"end":{"line":350,"column":7}},{"start":{},"end":{}}],"line":348},"36":{"loc":{"start":{"line":395,"column":4},"end":{"line":398,"column":5}},"type":"if","locations":[{"start":{"line":395,"column":4},"end":{"line":398,"column":5}},{"start":{},"end":{}}],"line":395},"37":{"loc":{"start":{"line":396,"column":18},"end":{"line":396,"column":64}},"type":"binary-expr","locations":[{"start":{"line":396,"column":18},"end":{"line":396,"column":36}},{"start":{"line":396,"column":40},"end":{"line":396,"column":64}}],"line":396},"38":{"loc":{"start":{"line":400,"column":4},"end":{"line":402,"column":5}},"type":"if","locations":[{"start":{"line":400,"column":4},"end":{"line":402,"column":5}},{"start":{},"end":{}}],"line":400},"39":{"loc":{"start":{"line":400,"column":8},"end":{"line":400,"column":64}},"type":"binary-expr","locations":[{"start":{"line":400,"column":8},"end":{"line":400,"column":31}},{"start":{"line":400,"column":35},"end":{"line":400,"column":64}}],"line":400},"40":{"loc":{"start":{"line":404,"column":4},"end":{"line":406,"column":5}},"type":"if","locations":[{"start":{"line":404,"column":4},"end":{"line":406,"column":5}},{"start":{},"end":{}}],"line":404},"41":{"loc":{"start":{"line":404,"column":8},"end":{"line":404,"column":64}},"type":"binary-expr","locations":[{"start":{"line":404,"column":8},"end":{"line":404,"column":31}},{"start":{"line":404,"column":35},"end":{"line":404,"column":64}}],"line":404},"42":{"loc":{"start":{"line":411,"column":6},"end":{"line":413,"column":7}},"type":"if","locations":[{"start":{"line":411,"column":6},"end":{"line":413,"column":7}},{"start":{},"end":{}}],"line":411}},"s":{"0":69,"1":69,"2":217,"3":11,"4":5,"5":6,"6":206,"7":0,"8":7,"9":7,"10":3,"11":3,"12":30,"13":30,"14":30,"15":92,"16":92,"17":9,"18":9,"19":83,"20":2,"21":83,"22":2,"23":83,"24":5,"25":83,"26":4,"27":4,"28":4,"29":4,"30":6,"31":6,"32":10,"33":10,"34":10,"35":37,"36":37,"37":5,"38":5,"39":32,"40":3,"41":32,"42":3,"43":32,"44":2,"45":32,"46":3,"47":3,"48":2,"49":2,"50":2,"51":2,"52":10,"53":3,"54":7,"55":5,"56":5,"57":17,"58":17,"59":17,"60":2,"61":2,"62":15,"63":2,"64":15,"65":2,"66":15,"67":2,"68":2,"69":2,"70":2,"71":10,"72":10,"73":24,"74":24,"75":3,"76":3,"77":21,"78":80,"79":80,"80":80,"81":9,"82":9,"83":21,"84":8,"85":8,"86":8,"87":8,"88":26,"89":26,"90":2,"91":2,"92":24,"93":2,"94":24,"95":1,"96":24,"97":24,"98":41,"99":41,"100":5,"101":5,"102":24,"103":1,"104":1,"105":1,"106":1,"107":30,"108":10,"109":3,"110":5,"111":10,"112":8,"113":1,"114":1,"115":1,"116":1,"117":1},"f":{"0":217,"1":0,"2":7,"3":3,"4":92,"5":4,"6":4,"7":6,"8":37,"9":3,"10":2,"11":2,"12":10,"13":17,"14":2,"15":2,"16":10,"17":24,"18":9,"19":8,"20":26,"21":5,"22":1,"23":1,"24":30,"25":10,"26":3,"27":5,"28":10,"29":8},"b":{"0":[11,206],"1":[217,210],"2":[5,6],"3":[6,5],"4":[9,83],"5":[9,9],"6":[2,81],"7":[83,11],"8":[2,81],"9":[83,11],"10":[5,78],"11":[83,17],"12":[5,5],"13":[5,32],"14":[37,33],"15":[5,5],"16":[3,29],"17":[32,8],"18":[3,29],"19":[32,12],"20":[2,30],"21":[32,8],"22":[3,7],"23":[3,3],"24":[14,3],"25":[2,15],"26":[17,17],"27":[2,2],"28":[2,13],"29":[15,6],"30":[2,13],"31":[15,6],"32":[3,21],"33":[24,22,22],"34":[3,3],"35":[9,71],"36":[2,24],"37":[2,2],"38":[2,22],"39":[24,4],"40":[1,23],"41":[24,4],"42":[5,36]},"_coverageSchema":"1a1c01bbd47fc00a2c39e90264f33305004495a9","hash":"c0e1b12569daabdcf70a299f8f2a1e72c97a3590"}
}
