TN:
SF:schema.js
FN:28,(anonymous_0)
FN:50,(anonymous_1)
FN:58,(anonymous_2)
FN:68,(anonymous_3)
FN:99,(anonymous_4)
FN:127,(anonymous_5)
FN:137,(anonymous_6)
FN:147,(anonymous_7)
FN:178,(anonymous_8)
FN:206,(anonymous_9)
FN:216,(anonymous_10)
FN:225,(anonymous_11)
FN:238,(anonymous_12)
FN:269,(anonymous_13)
FN:296,(anonymous_14)
FN:306,(anonymous_15)
FN:327,(anonymous_16)
FN:335,(anonymous_17)
FN:349,(anonymous_18)
FN:384,(anonymous_19)
FN:392,(anonymous_20)
FN:412,(anonymous_21)
FN:424,(anonymous_22)
FN:434,(anonymous_23)
FN:448,(anonymous_24)
FN:456,(anonymous_25)
FN:464,(anonymous_26)
FN:472,(anonymous_27)
FN:482,(anonymous_28)
FN:492,(anonymous_29)
FNF:30
FNH:29
FNDA:217,(anonymous_0)
FNDA:0,(anonymous_1)
FNDA:7,(anonymous_2)
FNDA:3,(anonymous_3)
FNDA:92,(anonymous_4)
FNDA:4,(anonymous_5)
FNDA:4,(anonymous_6)
FNDA:6,(anonymous_7)
FNDA:37,(anonymous_8)
FNDA:3,(anonymous_9)
FNDA:2,(anonymous_10)
FNDA:2,(anonymous_11)
FNDA:10,(anonymous_12)
FNDA:17,(anonymous_13)
FNDA:2,(anonymous_14)
FNDA:2,(anonymous_15)
FNDA:10,(anonymous_16)
FNDA:24,(anonymous_17)
FNDA:9,(anonymous_18)
FNDA:8,(anonymous_19)
FNDA:26,(anonymous_20)
FNDA:5,(anonymous_21)
FNDA:1,(anonymous_22)
FNDA:1,(anonymous_23)
FNDA:30,(anonymous_24)
FNDA:10,(anonymous_25)
FNDA:3,(anonymous_26)
FNDA:5,(anonymous_27)
FNDA:10,(anonymous_28)
FNDA:8,(anonymous_29)
DA:15,69
DA:21,69
DA:30,217
DA:31,11
DA:32,5
DA:34,6
DA:41,206
DA:51,0
DA:59,7
DA:60,7
DA:69,3
DA:70,3
DA:82,30
DA:88,30
DA:94,30
DA:100,92
DA:102,92
DA:103,9
DA:104,9
DA:107,83
DA:108,2
DA:111,83
DA:112,2
DA:115,83
DA:116,5
DA:119,83
DA:128,4
DA:129,4
DA:138,4
DA:139,4
DA:148,6
DA:149,6
DA:161,10
DA:167,10
DA:173,10
DA:179,37
DA:181,37
DA:182,5
DA:183,5
DA:186,32
DA:187,3
DA:190,32
DA:191,3
DA:194,32
DA:195,2
DA:198,32
DA:207,3
DA:208,3
DA:217,2
DA:218,2
DA:226,2
DA:227,2
DA:239,10
DA:240,3
DA:246,7
DA:258,5
DA:264,5
DA:270,17
DA:273,17
DA:275,17
DA:276,2
DA:277,2
DA:280,15
DA:281,2
DA:284,15
DA:285,2
DA:288,15
DA:297,2
DA:298,2
DA:307,2
DA:308,2
DA:328,10
DA:329,10
DA:336,24
DA:338,24
DA:339,3
DA:340,3
DA:344,21
DA:345,80
DA:346,80
DA:348,80
DA:349,9
DA:353,21
DA:372,8
DA:378,8
DA:385,8
DA:386,8
DA:393,26
DA:395,26
DA:396,2
DA:397,2
DA:400,24
DA:401,2
DA:404,24
DA:405,1
DA:409,24
DA:410,41
DA:411,41
DA:412,5
DA:416,24
DA:425,1
DA:426,1
DA:435,1
DA:436,1
DA:449,30
DA:457,10
DA:465,3
DA:473,5
DA:483,10
DA:493,8
DA:498,1
DA:502,1
DA:509,1
DA:521,1
DA:535,1
LF:115
LH:114
BRDA:30,0,0,11
BRDA:30,0,1,206
BRDA:30,1,0,217
BRDA:30,1,1,210
BRDA:31,2,0,5
BRDA:31,2,1,6
BRDA:36,3,0,6
BRDA:36,3,1,5
BRDA:102,4,0,9
BRDA:102,4,1,83
BRDA:103,5,0,9
BRDA:103,5,1,9
BRDA:107,6,0,2
BRDA:107,6,1,81
BRDA:107,7,0,83
BRDA:107,7,1,11
BRDA:111,8,0,2
BRDA:111,8,1,81
BRDA:111,9,0,83
BRDA:111,9,1,11
BRDA:115,10,0,5
BRDA:115,10,1,78
BRDA:115,11,0,83
BRDA:115,11,1,17
BRDA:116,12,0,5
BRDA:116,12,1,5
BRDA:181,13,0,5
BRDA:181,13,1,32
BRDA:181,14,0,37
BRDA:181,14,1,33
BRDA:182,15,0,5
BRDA:182,15,1,5
BRDA:186,16,0,3
BRDA:186,16,1,29
BRDA:186,17,0,32
BRDA:186,17,1,8
BRDA:190,18,0,3
BRDA:190,18,1,29
BRDA:190,19,0,32
BRDA:190,19,1,12
BRDA:194,20,0,2
BRDA:194,20,1,30
BRDA:194,21,0,32
BRDA:194,21,1,8
BRDA:239,22,0,3
BRDA:239,22,1,7
BRDA:242,23,0,3
BRDA:242,23,1,3
BRDA:273,24,0,14
BRDA:273,24,1,3
BRDA:275,25,0,2
BRDA:275,25,1,15
BRDA:275,26,0,17
BRDA:275,26,1,17
BRDA:276,27,0,2
BRDA:276,27,1,2
BRDA:280,28,0,2
BRDA:280,28,1,13
BRDA:280,29,0,15
BRDA:280,29,1,6
BRDA:284,30,0,2
BRDA:284,30,1,13
BRDA:284,31,0,15
BRDA:284,31,1,6
BRDA:338,32,0,3
BRDA:338,32,1,21
BRDA:338,33,0,24
BRDA:338,33,1,22
BRDA:338,33,2,22
BRDA:339,34,0,3
BRDA:339,34,1,3
BRDA:348,35,0,9
BRDA:348,35,1,71
BRDA:395,36,0,2
BRDA:395,36,1,24
BRDA:396,37,0,2
BRDA:396,37,1,2
BRDA:400,38,0,2
BRDA:400,38,1,22
BRDA:400,39,0,24
BRDA:400,39,1,4
BRDA:404,40,0,1
BRDA:404,40,1,23
BRDA:404,41,0,24
BRDA:404,41,1,4
BRDA:411,42,0,5
BRDA:411,42,1,36
BRF:87
BRH:87
end_of_record
