{"/Users/lazizbekkahramonov/code/vention/edu-ai-challenge-2025/7/Board.js": {"path":"/Users/lazizbekkahramonov/code/vention/edu-ai-challenge-2025/7/Board.js","statementMap":{"0":{"start":{"line":5,"column":4},"end":{"line":5,"column":21}},"1":{"start":{"line":6,"column":4},"end":{"line":6,"column":74}},"2":{"start":{"line":6,"column":51},"end":{"line":6,"column":72}},"3":{"start":{"line":7,"column":4},"end":{"line":7,"column":20}},"4":{"start":{"line":11,"column":17},"end":{"line":11,"column":22}},"5":{"start":{"line":12,"column":4},"end":{"line":43,"column":5}},"6":{"start":{"line":13,"column":26},"end":{"line":13,"column":73}},"7":{"start":{"line":15,"column":6},"end":{"line":21,"column":7}},"8":{"start":{"line":16,"column":8},"end":{"line":16,"column":57}},"9":{"start":{"line":17,"column":8},"end":{"line":17,"column":76}},"10":{"start":{"line":19,"column":8},"end":{"line":19,"column":76}},"11":{"start":{"line":20,"column":8},"end":{"line":20,"column":57}},"12":{"start":{"line":22,"column":24},"end":{"line":22,"column":26}},"13":{"start":{"line":23,"column":22},"end":{"line":23,"column":27}},"14":{"start":{"line":24,"column":6},"end":{"line":32,"column":7}},"15":{"start":{"line":24,"column":19},"end":{"line":24,"column":20}},"16":{"start":{"line":25,"column":20},"end":{"line":25,"column":74}},"17":{"start":{"line":26,"column":20},"end":{"line":26,"column":74}},"18":{"start":{"line":27,"column":8},"end":{"line":30,"column":9}},"19":{"start":{"line":28,"column":10},"end":{"line":28,"column":27}},"20":{"start":{"line":29,"column":10},"end":{"line":29,"column":16}},"21":{"start":{"line":31,"column":8},"end":{"line":31,"column":39}},"22":{"start":{"line":33,"column":6},"end":{"line":42,"column":7}},"23":{"start":{"line":34,"column":21},"end":{"line":34,"column":40}},"24":{"start":{"line":35,"column":8},"end":{"line":35,"column":30}},"25":{"start":{"line":36,"column":8},"end":{"line":40,"column":9}},"26":{"start":{"line":37,"column":22},"end":{"line":37,"column":38}},"27":{"start":{"line":38,"column":22},"end":{"line":38,"column":38}},"28":{"start":{"line":39,"column":10},"end":{"line":39,"column":36}},"29":{"start":{"line":41,"column":8},"end":{"line":41,"column":22}},"30":{"start":{"line":47,"column":16},"end":{"line":47,"column":37}},"31":{"start":{"line":48,"column":16},"end":{"line":48,"column":37}},"32":{"start":{"line":49,"column":4},"end":{"line":54,"column":5}},"33":{"start":{"line":50,"column":6},"end":{"line":53,"column":7}},"34":{"start":{"line":51,"column":8},"end":{"line":51,"column":34}},"35":{"start":{"line":52,"column":8},"end":{"line":52,"column":50}},"36":{"start":{"line":55,"column":4},"end":{"line":55,"column":30}},"37":{"start":{"line":56,"column":4},"end":{"line":56,"column":26}},"38":{"start":{"line":60,"column":4},"end":{"line":60,"column":53}},"39":{"start":{"line":60,"column":38},"end":{"line":60,"column":51}},"40":{"start":{"line":64,"column":14},"end":{"line":64,"column":66}},"41":{"start":{"line":65,"column":4},"end":{"line":73,"column":5}},"42":{"start":{"line":65,"column":17},"end":{"line":65,"column":18}},"43":{"start":{"line":66,"column":6},"end":{"line":66,"column":21}},"44":{"start":{"line":67,"column":6},"end":{"line":71,"column":7}},"45":{"start":{"line":67,"column":19},"end":{"line":67,"column":20}},"46":{"start":{"line":68,"column":19},"end":{"line":68,"column":34}},"47":{"start":{"line":69,"column":8},"end":{"line":69,"column":50}},"48":{"start":{"line":69,"column":39},"end":{"line":69,"column":50}},"49":{"start":{"line":70,"column":8},"end":{"line":70,"column":26}},"50":{"start":{"line":72,"column":6},"end":{"line":72,"column":18}},"51":{"start":{"line":74,"column":4},"end":{"line":74,"column":15}}},"fnMap":{"0":{"name":"(anonymous_0)","decl":{"start":{"line":4,"column":2},"end":{"line":4,"column":3}},"loc":{"start":{"line":4,"column":25},"end":{"line":8,"column":3}},"line":4},"1":{"name":"(anonymous_1)","decl":{"start":{"line":6,"column":45},"end":{"line":6,"column":46}},"loc":{"start":{"line":6,"column":51},"end":{"line":6,"column":72}},"line":6},"2":{"name":"(anonymous_2)","decl":{"start":{"line":10,"column":2},"end":{"line":10,"column":3}},"loc":{"start":{"line":10,"column":32},"end":{"line":44,"column":3}},"line":10},"3":{"name":"(anonymous_3)","decl":{"start":{"line":46,"column":2},"end":{"line":46,"column":3}},"loc":{"start":{"line":46,"column":26},"end":{"line":57,"column":3}},"line":46},"4":{"name":"(anonymous_4)","decl":{"start":{"line":59,"column":2},"end":{"line":59,"column":3}},"loc":{"start":{"line":59,"column":17},"end":{"line":61,"column":3}},"line":59},"5":{"name":"(anonymous_5)","decl":{"start":{"line":60,"column":28},"end":{"line":60,"column":29}},"loc":{"start":{"line":60,"column":38},"end":{"line":60,"column":51}},"line":60},"6":{"name":"(anonymous_6)","decl":{"start":{"line":63,"column":2},"end":{"line":63,"column":3}},"loc":{"start":{"line":63,"column":28},"end":{"line":75,"column":3}},"line":63}},"branchMap":{"0":{"loc":{"start":{"line":4,"column":14},"end":{"line":4,"column":23}},"type":"default-arg","locations":[{"start":{"line":4,"column":21},"end":{"line":4,"column":23}}],"line":4},"1":{"loc":{"start":{"line":13,"column":26},"end":{"line":13,"column":73}},"type":"cond-expr","locations":[{"start":{"line":13,"column":48},"end":{"line":13,"column":60}},{"start":{"line":13,"column":63},"end":{"line":13,"column":73}}],"line":13},"2":{"loc":{"start":{"line":15,"column":6},"end":{"line":21,"column":7}},"type":"if","locations":[{"start":{"line":15,"column":6},"end":{"line":21,"column":7}},{"start":{"line":18,"column":13},"end":{"line":21,"column":7}}],"line":15},"3":{"loc":{"start":{"line":25,"column":20},"end":{"line":25,"column":74}},"type":"cond-expr","locations":[{"start":{"line":25,"column":51},"end":{"line":25,"column":59}},{"start":{"line":25,"column":62},"end":{"line":25,"column":74}}],"line":25},"4":{"loc":{"start":{"line":26,"column":20},"end":{"line":26,"column":74}},"type":"cond-expr","locations":[{"start":{"line":26,"column":51},"end":{"line":26,"column":63}},{"start":{"line":26,"column":66},"end":{"line":26,"column":74}}],"line":26},"5":{"loc":{"start":{"line":27,"column":8},"end":{"line":30,"column":9}},"type":"if","locations":[{"start":{"line":27,"column":8},"end":{"line":30,"column":9}},{"start":{},"end":{}}],"line":27},"6":{"loc":{"start":{"line":33,"column":6},"end":{"line":42,"column":7}},"type":"if","locations":[{"start":{"line":33,"column":6},"end":{"line":42,"column":7}},{"start":{},"end":{}}],"line":33},"7":{"loc":{"start":{"line":50,"column":6},"end":{"line":53,"column":7}},"type":"if","locations":[{"start":{"line":50,"column":6},"end":{"line":53,"column":7}},{"start":{},"end":{}}],"line":50},"8":{"loc":{"start":{"line":63,"column":10},"end":{"line":63,"column":26}},"type":"default-arg","locations":[{"start":{"line":63,"column":22},"end":{"line":63,"column":26}}],"line":63},"9":{"loc":{"start":{"line":69,"column":8},"end":{"line":69,"column":50}},"type":"if","locations":[{"start":{"line":69,"column":8},"end":{"line":69,"column":50}},{"start":{},"end":{}}],"line":69},"10":{"loc":{"start":{"line":69,"column":12},"end":{"line":69,"column":37}},"type":"binary-expr","locations":[{"start":{"line":69,"column":12},"end":{"line":69,"column":21}},{"start":{"line":69,"column":25},"end":{"line":69,"column":37}}],"line":69}},"s":{"0":8,"1":8,"2":40,"3":8,"4":7,"5":7,"6":8,"7":8,"8":6,"9":6,"10":2,"11":2,"12":8,"13":8,"14":8,"15":8,"16":16,"17":16,"18":16,"19":1,"20":1,"21":15,"22":8,"23":7,"24":7,"25":7,"26":14,"27":14,"28":14,"29":7,"30":6,"31":6,"32":6,"33":6,"34":5,"35":5,"36":1,"37":1,"38":1,"39":1,"40":0,"41":0,"42":0,"43":0,"44":0,"45":0,"46":0,"47":0,"48":0,"49":0,"50":0,"51":0},"f":{"0":8,"1":40,"2":7,"3":6,"4":1,"5":1,"6":0},"b":{"0":[0],"1":[6,2],"2":[6,2],"3":[10,6],"4":[10,6],"5":[1,15],"6":[7,1],"7":[5,1],"8":[0],"9":[0,0],"10":[0,0]},"_coverageSchema":"1a1c01bbd47fc00a2c39e90264f33305004495a9","hash":"5b3bf86fd4fcd536779c899441b5a49da2491b41"}
,"/Users/lazizbekkahramonov/code/vention/edu-ai-challenge-2025/7/CPU.js": {"path":"/Users/lazizbekkahramonov/code/vention/edu-ai-challenge-2025/7/CPU.js","statementMap":{"0":{"start":{"line":3,"column":4},"end":{"line":3,"column":31}},"1":{"start":{"line":4,"column":4},"end":{"line":4,"column":29}},"2":{"start":{"line":5,"column":4},"end":{"line":5,"column":23}},"3":{"start":{"line":6,"column":4},"end":{"line":6,"column":26}},"4":{"start":{"line":11,"column":4},"end":{"line":15,"column":38}},"5":{"start":{"line":12,"column":18},"end":{"line":12,"column":60}},"6":{"start":{"line":13,"column":18},"end":{"line":13,"column":60}},"7":{"start":{"line":14,"column":6},"end":{"line":14,"column":29}},"8":{"start":{"line":16,"column":4},"end":{"line":16,"column":17}},"9":{"start":{"line":20,"column":4},"end":{"line":22,"column":5}},"10":{"start":{"line":21,"column":6},"end":{"line":21,"column":38}},"11":{"start":{"line":23,"column":4},"end":{"line":23,"column":33}},"12":{"start":{"line":27,"column":16},"end":{"line":27,"column":40}},"13":{"start":{"line":28,"column":16},"end":{"line":28,"column":40}},"14":{"start":{"line":29,"column":23},"end":{"line":34,"column":5}},"15":{"start":{"line":35,"column":4},"end":{"line":42,"column":5}},"16":{"start":{"line":36,"column":6},"end":{"line":41,"column":7}},"17":{"start":{"line":37,"column":20},"end":{"line":37,"column":30}},"18":{"start":{"line":38,"column":8},"end":{"line":40,"column":9}},"19":{"start":{"line":39,"column":10},"end":{"line":39,"column":37}},"20":{"start":{"line":46,"column":16},"end":{"line":46,"column":35}},"21":{"start":{"line":47,"column":4},"end":{"line":47,"column":28}},"22":{"start":{"line":48,"column":19},"end":{"line":48,"column":51}},"23":{"start":{"line":49,"column":4},"end":{"line":61,"column":5}},"24":{"start":{"line":50,"column":6},"end":{"line":56,"column":7}},"25":{"start":{"line":51,"column":8},"end":{"line":51,"column":27}},"26":{"start":{"line":52,"column":8},"end":{"line":52,"column":30}},"27":{"start":{"line":54,"column":8},"end":{"line":54,"column":29}},"28":{"start":{"line":55,"column":8},"end":{"line":55,"column":31}},"29":{"start":{"line":58,"column":6},"end":{"line":60,"column":7}},"30":{"start":{"line":59,"column":8},"end":{"line":59,"column":27}},"31":{"start":{"line":62,"column":4},"end":{"line":62,"column":32}}},"fnMap":{"0":{"name":"(anonymous_0)","decl":{"start":{"line":2,"column":2},"end":{"line":2,"column":3}},"loc":{"start":{"line":2,"column":25},"end":{"line":7,"column":3}},"line":2},"1":{"name":"(anonymous_1)","decl":{"start":{"line":9,"column":2},"end":{"line":9,"column":3}},"loc":{"start":{"line":9,"column":19},"end":{"line":17,"column":3}},"line":9},"2":{"name":"(anonymous_2)","decl":{"start":{"line":19,"column":2},"end":{"line":19,"column":3}},"loc":{"start":{"line":19,"column":17},"end":{"line":24,"column":3}},"line":19},"3":{"name":"(anonymous_3)","decl":{"start":{"line":26,"column":2},"end":{"line":26,"column":3}},"loc":{"start":{"line":26,"column":26},"end":{"line":43,"column":3}},"line":26},"4":{"name":"(anonymous_4)","decl":{"start":{"line":45,"column":2},"end":{"line":45,"column":3}},"loc":{"start":{"line":45,"column":24},"end":{"line":63,"column":3}},"line":45}},"branchMap":{"0":{"loc":{"start":{"line":20,"column":4},"end":{"line":22,"column":5}},"type":"if","locations":[{"start":{"line":20,"column":4},"end":{"line":22,"column":5}},{"start":{},"end":{}}],"line":20},"1":{"loc":{"start":{"line":20,"column":8},"end":{"line":20,"column":61}},"type":"binary-expr","locations":[{"start":{"line":20,"column":8},"end":{"line":20,"column":30}},{"start":{"line":20,"column":34},"end":{"line":20,"column":61}}],"line":20},"2":{"loc":{"start":{"line":36,"column":6},"end":{"line":41,"column":7}},"type":"if","locations":[{"start":{"line":36,"column":6},"end":{"line":41,"column":7}},{"start":{},"end":{}}],"line":36},"3":{"loc":{"start":{"line":36,"column":10},"end":{"line":36,"column":70}},"type":"binary-expr","locations":[{"start":{"line":36,"column":10},"end":{"line":36,"column":16}},{"start":{"line":36,"column":20},"end":{"line":36,"column":38}},{"start":{"line":36,"column":42},"end":{"line":36,"column":48}},{"start":{"line":36,"column":52},"end":{"line":36,"column":70}}],"line":36},"4":{"loc":{"start":{"line":38,"column":8},"end":{"line":40,"column":9}},"type":"if","locations":[{"start":{"line":38,"column":8},"end":{"line":40,"column":9}},{"start":{},"end":{}}],"line":38},"5":{"loc":{"start":{"line":38,"column":12},"end":{"line":38,"column":69}},"type":"binary-expr","locations":[{"start":{"line":38,"column":12},"end":{"line":38,"column":34}},{"start":{"line":38,"column":38},"end":{"line":38,"column":69}}],"line":38},"6":{"loc":{"start":{"line":49,"column":4},"end":{"line":61,"column":5}},"type":"if","locations":[{"start":{"line":49,"column":4},"end":{"line":61,"column":5}},{"start":{"line":57,"column":11},"end":{"line":61,"column":5}}],"line":49},"7":{"loc":{"start":{"line":50,"column":6},"end":{"line":56,"column":7}},"type":"if","locations":[{"start":{"line":50,"column":6},"end":{"line":56,"column":7}},{"start":{"line":53,"column":13},"end":{"line":56,"column":7}}],"line":50},"8":{"loc":{"start":{"line":58,"column":6},"end":{"line":60,"column":7}},"type":"if","locations":[{"start":{"line":58,"column":6},"end":{"line":60,"column":7}},{"start":{},"end":{}}],"line":58},"9":{"loc":{"start":{"line":58,"column":10},"end":{"line":58,"column":65}},"type":"binary-expr","locations":[{"start":{"line":58,"column":10},"end":{"line":58,"column":32}},{"start":{"line":58,"column":36},"end":{"line":58,"column":65}}],"line":58}},"s":{"0":4,"1":4,"2":4,"3":4,"4":11,"5":13,"6":13,"7":13,"8":11,"9":2,"10":1,"11":1,"12":0,"13":0,"14":0,"15":0,"16":0,"17":0,"18":0,"19":0,"20":2,"21":2,"22":2,"23":2,"24":1,"25":1,"26":1,"27":0,"28":0,"29":1,"30":0,"31":2},"f":{"0":4,"1":11,"2":2,"3":0,"4":2},"b":{"0":[1,1],"1":[2,1],"2":[0,0],"3":[0,0,0,0],"4":[0,0],"5":[0,0],"6":[1,1],"7":[1,0],"8":[0,1],"9":[1,0]},"_coverageSchema":"1a1c01bbd47fc00a2c39e90264f33305004495a9","hash":"e11e5a4b50aa593dac4327103f2f44774acebb41"}
,"/Users/lazizbekkahramonov/code/vention/edu-ai-challenge-2025/7/Game.js": {"path":"/Users/lazizbekkahramonov/code/vention/edu-ai-challenge-2025/7/Game.js","statementMap":{"0":{"start":{"line":7,"column":4},"end":{"line":7,"column":31}},"1":{"start":{"line":8,"column":4},"end":{"line":8,"column":29}},"2":{"start":{"line":9,"column":4},"end":{"line":9,"column":33}},"3":{"start":{"line":10,"column":4},"end":{"line":10,"column":44}},"4":{"start":{"line":11,"column":4},"end":{"line":11,"column":41}},"5":{"start":{"line":12,"column":4},"end":{"line":12,"column":34}},"6":{"start":{"line":13,"column":4},"end":{"line":13,"column":23}},"7":{"start":{"line":14,"column":4},"end":{"line":14,"column":35}},"8":{"start":{"line":18,"column":4},"end":{"line":21,"column":5}},"9":{"start":{"line":18,"column":17},"end":{"line":18,"column":18}},"10":{"start":{"line":19,"column":6},"end":{"line":19,"column":58}},"11":{"start":{"line":20,"column":6},"end":{"line":20,"column":55}},"12":{"start":{"line":25,"column":16},"end":{"line":25,"column":21}},"13":{"start":{"line":27,"column":4},"end":{"line":55,"column":5}},"14":{"start":{"line":28,"column":6},"end":{"line":28,"column":68}},"15":{"start":{"line":29,"column":6},"end":{"line":32,"column":7}},"16":{"start":{"line":30,"column":8},"end":{"line":30,"column":78}},"17":{"start":{"line":31,"column":8},"end":{"line":31,"column":17}},"18":{"start":{"line":33,"column":6},"end":{"line":36,"column":7}},"19":{"start":{"line":34,"column":8},"end":{"line":34,"column":60}},"20":{"start":{"line":35,"column":8},"end":{"line":35,"column":17}},"21":{"start":{"line":37,"column":18},"end":{"line":37,"column":36}},"22":{"start":{"line":38,"column":18},"end":{"line":38,"column":36}},"23":{"start":{"line":39,"column":6},"end":{"line":53,"column":7}},"24":{"start":{"line":47,"column":8},"end":{"line":51,"column":10}},"25":{"start":{"line":52,"column":8},"end":{"line":52,"column":17}},"26":{"start":{"line":54,"column":6},"end":{"line":54,"column":19}},"27":{"start":{"line":56,"column":4},"end":{"line":56,"column":34}},"28":{"start":{"line":57,"column":19},"end":{"line":57,"column":53}},"29":{"start":{"line":58,"column":4},"end":{"line":65,"column":5}},"30":{"start":{"line":59,"column":6},"end":{"line":59,"column":35}},"31":{"start":{"line":60,"column":6},"end":{"line":62,"column":7}},"32":{"start":{"line":61,"column":8},"end":{"line":61,"column":55}},"33":{"start":{"line":64,"column":6},"end":{"line":64,"column":36}},"34":{"start":{"line":69,"column":4},"end":{"line":69,"column":42}},"35":{"start":{"line":70,"column":33},"end":{"line":70,"column":68}},"36":{"start":{"line":71,"column":4},"end":{"line":78,"column":5}},"37":{"start":{"line":72,"column":6},"end":{"line":72,"column":44}},"38":{"start":{"line":73,"column":6},"end":{"line":75,"column":7}},"39":{"start":{"line":74,"column":8},"end":{"line":74,"column":51}},"40":{"start":{"line":77,"column":6},"end":{"line":77,"column":45}},"41":{"start":{"line":82,"column":20},"end":{"line":82,"column":59}},"42":{"start":{"line":83,"column":23},"end":{"line":83,"column":66}},"43":{"start":{"line":84,"column":4},"end":{"line":84,"column":77}},"44":{"start":{"line":85,"column":4},"end":{"line":87,"column":5}},"45":{"start":{"line":85,"column":17},"end":{"line":85,"column":18}},"46":{"start":{"line":86,"column":6},"end":{"line":86,"column":75}},"47":{"start":{"line":88,"column":4},"end":{"line":88,"column":22}},"48":{"start":{"line":92,"column":4},"end":{"line":92,"column":23}},"49":{"start":{"line":93,"column":4},"end":{"line":93,"column":46}},"50":{"start":{"line":94,"column":4},"end":{"line":94,"column":67}},"51":{"start":{"line":95,"column":4},"end":{"line":116,"column":5}},"52":{"start":{"line":96,"column":6},"end":{"line":103,"column":7}},"53":{"start":{"line":97,"column":8},"end":{"line":99,"column":10}},"54":{"start":{"line":100,"column":8},"end":{"line":100,"column":27}},"55":{"start":{"line":101,"column":8},"end":{"line":101,"column":24}},"56":{"start":{"line":102,"column":8},"end":{"line":102,"column":14}},"57":{"start":{"line":104,"column":6},"end":{"line":111,"column":7}},"58":{"start":{"line":105,"column":8},"end":{"line":107,"column":10}},"59":{"start":{"line":108,"column":8},"end":{"line":108,"column":27}},"60":{"start":{"line":109,"column":8},"end":{"line":109,"column":24}},"61":{"start":{"line":110,"column":8},"end":{"line":110,"column":14}},"62":{"start":{"line":112,"column":6},"end":{"line":112,"column":25}},"63":{"start":{"line":113,"column":6},"end":{"line":113,"column":30}},"64":{"start":{"line":114,"column":6},"end":{"line":114,"column":49}},"65":{"start":{"line":114,"column":40},"end":{"line":114,"column":49}},"66":{"start":{"line":115,"column":6},"end":{"line":115,"column":27}}},"fnMap":{"0":{"name":"(anonymous_0)","decl":{"start":{"line":6,"column":2},"end":{"line":6,"column":3}},"loc":{"start":{"line":6,"column":69},"end":{"line":15,"column":3}},"line":6},"1":{"name":"(anonymous_1)","decl":{"start":{"line":17,"column":2},"end":{"line":17,"column":3}},"loc":{"start":{"line":17,"column":16},"end":{"line":22,"column":3}},"line":17},"2":{"name":"(anonymous_2)","decl":{"start":{"line":24,"column":2},"end":{"line":24,"column":3}},"loc":{"start":{"line":24,"column":21},"end":{"line":66,"column":3}},"line":24},"3":{"name":"(anonymous_3)","decl":{"start":{"line":68,"column":2},"end":{"line":68,"column":3}},"loc":{"start":{"line":68,"column":18},"end":{"line":79,"column":3}},"line":68},"4":{"name":"(anonymous_4)","decl":{"start":{"line":81,"column":2},"end":{"line":81,"column":3}},"loc":{"start":{"line":81,"column":16},"end":{"line":89,"column":3}},"line":81},"5":{"name":"(anonymous_5)","decl":{"start":{"line":91,"column":2},"end":{"line":91,"column":3}},"loc":{"start":{"line":91,"column":15},"end":{"line":117,"column":3}},"line":91}},"branchMap":{"0":{"loc":{"start":{"line":6,"column":14},"end":{"line":6,"column":67}},"type":"default-arg","locations":[{"start":{"line":6,"column":65},"end":{"line":6,"column":67}}],"line":6},"1":{"loc":{"start":{"line":6,"column":16},"end":{"line":6,"column":30}},"type":"default-arg","locations":[{"start":{"line":6,"column":28},"end":{"line":6,"column":30}}],"line":6},"2":{"loc":{"start":{"line":6,"column":32},"end":{"line":6,"column":44}},"type":"default-arg","locations":[{"start":{"line":6,"column":43},"end":{"line":6,"column":44}}],"line":6},"3":{"loc":{"start":{"line":6,"column":46},"end":{"line":6,"column":60}},"type":"default-arg","locations":[{"start":{"line":6,"column":59},"end":{"line":6,"column":60}}],"line":6},"4":{"loc":{"start":{"line":29,"column":6},"end":{"line":32,"column":7}},"type":"if","locations":[{"start":{"line":29,"column":6},"end":{"line":32,"column":7}},{"start":{},"end":{}}],"line":29},"5":{"loc":{"start":{"line":33,"column":6},"end":{"line":36,"column":7}},"type":"if","locations":[{"start":{"line":33,"column":6},"end":{"line":36,"column":7}},{"start":{},"end":{}}],"line":33},"6":{"loc":{"start":{"line":39,"column":6},"end":{"line":53,"column":7}},"type":"if","locations":[{"start":{"line":39,"column":6},"end":{"line":53,"column":7}},{"start":{},"end":{}}],"line":39},"7":{"loc":{"start":{"line":40,"column":8},"end":{"line":45,"column":29}},"type":"binary-expr","locations":[{"start":{"line":40,"column":8},"end":{"line":40,"column":18}},{"start":{"line":41,"column":8},"end":{"line":41,"column":18}},{"start":{"line":42,"column":8},"end":{"line":42,"column":15}},{"start":{"line":43,"column":8},"end":{"line":43,"column":29}},{"start":{"line":44,"column":8},"end":{"line":44,"column":15}},{"start":{"line":45,"column":8},"end":{"line":45,"column":29}}],"line":40},"8":{"loc":{"start":{"line":58,"column":4},"end":{"line":65,"column":5}},"type":"if","locations":[{"start":{"line":58,"column":4},"end":{"line":65,"column":5}},{"start":{"line":63,"column":11},"end":{"line":65,"column":5}}],"line":58},"9":{"loc":{"start":{"line":60,"column":6},"end":{"line":62,"column":7}},"type":"if","locations":[{"start":{"line":60,"column":6},"end":{"line":62,"column":7}},{"start":{},"end":{}}],"line":60},"10":{"loc":{"start":{"line":71,"column":4},"end":{"line":78,"column":5}},"type":"if","locations":[{"start":{"line":71,"column":4},"end":{"line":78,"column":5}},{"start":{"line":76,"column":11},"end":{"line":78,"column":5}}],"line":71},"11":{"loc":{"start":{"line":73,"column":6},"end":{"line":75,"column":7}},"type":"if","locations":[{"start":{"line":73,"column":6},"end":{"line":75,"column":7}},{"start":{},"end":{}}],"line":73},"12":{"loc":{"start":{"line":86,"column":21},"end":{"line":86,"column":37}},"type":"binary-expr","locations":[{"start":{"line":86,"column":21},"end":{"line":86,"column":31}},{"start":{"line":86,"column":35},"end":{"line":86,"column":37}}],"line":86},"13":{"loc":{"start":{"line":86,"column":53},"end":{"line":86,"column":72}},"type":"binary-expr","locations":[{"start":{"line":86,"column":53},"end":{"line":86,"column":66}},{"start":{"line":86,"column":70},"end":{"line":86,"column":72}}],"line":86},"14":{"loc":{"start":{"line":96,"column":6},"end":{"line":103,"column":7}},"type":"if","locations":[{"start":{"line":96,"column":6},"end":{"line":103,"column":7}},{"start":{},"end":{}}],"line":96},"15":{"loc":{"start":{"line":104,"column":6},"end":{"line":111,"column":7}},"type":"if","locations":[{"start":{"line":104,"column":6},"end":{"line":111,"column":7}},{"start":{},"end":{}}],"line":104},"16":{"loc":{"start":{"line":114,"column":6},"end":{"line":114,"column":49}},"type":"if","locations":[{"start":{"line":114,"column":6},"end":{"line":114,"column":49}},{"start":{},"end":{}}],"line":114}},"s":{"0":2,"1":2,"2":2,"3":2,"4":2,"5":2,"6":2,"7":2,"8":0,"9":0,"10":0,"11":0,"12":1,"13":1,"14":1,"15":1,"16":0,"17":0,"18":1,"19":0,"20":0,"21":1,"22":1,"23":1,"24":0,"25":0,"26":1,"27":1,"28":1,"29":1,"30":1,"31":1,"32":1,"33":0,"34":1,"35":1,"36":1,"37":1,"38":1,"39":1,"40":0,"41":0,"42":0,"43":0,"44":0,"45":0,"46":0,"47":0,"48":0,"49":0,"50":0,"51":0,"52":0,"53":0,"54":0,"55":0,"56":0,"57":0,"58":0,"59":0,"60":0,"61":0,"62":0,"63":0,"64":0,"65":0,"66":0},"f":{"0":2,"1":0,"2":1,"3":1,"4":0,"5":0},"b":{"0":[0],"1":[0],"2":[0],"3":[0],"4":[0,1],"5":[0,1],"6":[0,1],"7":[1,1,1,1,1,1],"8":[1,0],"9":[1,0],"10":[1,0],"11":[1,0],"12":[0,0],"13":[0,0],"14":[0,0],"15":[0,0],"16":[0,0]},"_coverageSchema":"1a1c01bbd47fc00a2c39e90264f33305004495a9","hash":"d8e4bb5a22ef37b75ff827f26593a9468856e6ac"}
,"/Users/lazizbekkahramonov/code/vention/edu-ai-challenge-2025/7/Ship.js": {"path":"/Users/lazizbekkahramonov/code/vention/edu-ai-challenge-2025/7/Ship.js","statementMap":{"0":{"start":{"line":3,"column":4},"end":{"line":3,"column":31}},"1":{"start":{"line":4,"column":4},"end":{"line":4,"column":52}},"2":{"start":{"line":8,"column":16},"end":{"line":8,"column":48}},"3":{"start":{"line":9,"column":4},"end":{"line":12,"column":5}},"4":{"start":{"line":10,"column":6},"end":{"line":10,"column":28}},"5":{"start":{"line":11,"column":6},"end":{"line":11,"column":18}},"6":{"start":{"line":13,"column":4},"end":{"line":13,"column":17}},"7":{"start":{"line":17,"column":4},"end":{"line":17,"column":36}}},"fnMap":{"0":{"name":"(anonymous_0)","decl":{"start":{"line":2,"column":2},"end":{"line":2,"column":3}},"loc":{"start":{"line":2,"column":25},"end":{"line":5,"column":3}},"line":2},"1":{"name":"(anonymous_1)","decl":{"start":{"line":7,"column":2},"end":{"line":7,"column":3}},"loc":{"start":{"line":7,"column":16},"end":{"line":14,"column":3}},"line":7},"2":{"name":"(anonymous_2)","decl":{"start":{"line":16,"column":2},"end":{"line":16,"column":3}},"loc":{"start":{"line":16,"column":11},"end":{"line":18,"column":3}},"line":16}},"branchMap":{"0":{"loc":{"start":{"line":9,"column":4},"end":{"line":12,"column":5}},"type":"if","locations":[{"start":{"line":9,"column":4},"end":{"line":12,"column":5}},{"start":{},"end":{}}],"line":9},"1":{"loc":{"start":{"line":9,"column":8},"end":{"line":9,"column":37}},"type":"binary-expr","locations":[{"start":{"line":9,"column":8},"end":{"line":9,"column":18}},{"start":{"line":9,"column":22},"end":{"line":9,"column":37}}],"line":9}},"s":{"0":11,"1":11,"2":15,"3":15,"4":12,"5":12,"6":3,"7":12},"f":{"0":11,"1":15,"2":12},"b":{"0":[12,3],"1":[15,13]},"_coverageSchema":"1a1c01bbd47fc00a2c39e90264f33305004495a9","hash":"cea1fe2aff0b60bcad108758ce15dc640f402919"}
,"/Users/lazizbekkahramonov/code/vention/edu-ai-challenge-2025/7/UI.js": {"path":"/Users/lazizbekkahramonov/code/vention/edu-ai-challenge-2025/7/UI.js","statementMap":{"0":{"start":{"line":6,"column":4},"end":{"line":6,"column":58}},"1":{"start":{"line":10,"column":4},"end":{"line":12,"column":7}},"2":{"start":{"line":11,"column":6},"end":{"line":11,"column":61}},"3":{"start":{"line":11,"column":44},"end":{"line":11,"column":59}},"4":{"start":{"line":16,"column":4},"end":{"line":16,"column":25}},"5":{"start":{"line":20,"column":4},"end":{"line":20,"column":20}}},"fnMap":{"0":{"name":"(anonymous_0)","decl":{"start":{"line":5,"column":2},"end":{"line":5,"column":3}},"loc":{"start":{"line":5,"column":16},"end":{"line":7,"column":3}},"line":5},"1":{"name":"(anonymous_1)","decl":{"start":{"line":9,"column":2},"end":{"line":9,"column":3}},"loc":{"start":{"line":9,"column":24},"end":{"line":13,"column":3}},"line":9},"2":{"name":"(anonymous_2)","decl":{"start":{"line":10,"column":23},"end":{"line":10,"column":24}},"loc":{"start":{"line":10,"column":36},"end":{"line":12,"column":5}},"line":10},"3":{"name":"(anonymous_3)","decl":{"start":{"line":11,"column":32},"end":{"line":11,"column":33}},"loc":{"start":{"line":11,"column":44},"end":{"line":11,"column":59}},"line":11},"4":{"name":"(anonymous_4)","decl":{"start":{"line":15,"column":2},"end":{"line":15,"column":3}},"loc":{"start":{"line":15,"column":17},"end":{"line":17,"column":3}},"line":15},"5":{"name":"(anonymous_5)","decl":{"start":{"line":19,"column":2},"end":{"line":19,"column":3}},"loc":{"start":{"line":19,"column":10},"end":{"line":21,"column":3}},"line":19}},"branchMap":{},"s":{"0":2,"1":0,"2":0,"3":0,"4":0,"5":0},"f":{"0":2,"1":0,"2":0,"3":0,"4":0,"5":0},"b":{},"_coverageSchema":"1a1c01bbd47fc00a2c39e90264f33305004495a9","hash":"9128edfb3511acca43232f28b95386672dcb267c"}
}
