TN:
SF:Board.js
FN:4,(anonymous_0)
FN:6,(anonymous_1)
FN:10,(anonymous_2)
FN:46,(anonymous_3)
FN:59,(anonymous_4)
FN:60,(anonymous_5)
FN:63,(anonymous_6)
FNF:7
FNH:6
FNDA:8,(anonymous_0)
FNDA:40,(anonymous_1)
FNDA:7,(anonymous_2)
FNDA:6,(anonymous_3)
FNDA:1,(anonymous_4)
FNDA:1,(anonymous_5)
FNDA:0,(anonymous_6)
DA:5,8
DA:6,40
DA:7,8
DA:11,7
DA:12,7
DA:13,8
DA:15,8
DA:16,6
DA:17,6
DA:19,2
DA:20,2
DA:22,8
DA:23,8
DA:24,8
DA:25,16
DA:26,16
DA:27,16
DA:28,1
DA:29,1
DA:31,15
DA:33,8
DA:34,7
DA:35,7
DA:36,7
DA:37,14
DA:38,14
DA:39,14
DA:41,7
DA:47,6
DA:48,6
DA:49,6
DA:50,6
DA:51,5
DA:52,5
DA:55,1
DA:56,1
DA:60,1
DA:64,0
DA:65,0
DA:66,0
DA:67,0
DA:68,0
DA:69,0
DA:70,0
DA:72,0
DA:74,0
LF:46
LH:37
BRDA:4,0,0,0
BRDA:13,1,0,6
BRDA:13,1,1,2
BRDA:15,2,0,6
BRDA:15,2,1,2
BRDA:25,3,0,10
BRDA:25,3,1,6
BRDA:26,4,0,10
BRDA:26,4,1,6
BRDA:27,5,0,1
BRDA:27,5,1,15
BRDA:33,6,0,7
BRDA:33,6,1,1
BRDA:50,7,0,5
BRDA:50,7,1,1
BRDA:63,8,0,0
BRDA:69,9,0,0
BRDA:69,9,1,0
BRDA:69,10,0,0
BRDA:69,10,1,0
BRF:20
BRH:14
end_of_record
TN:
SF:CPU.js
FN:2,(anonymous_0)
FN:9,(anonymous_1)
FN:19,(anonymous_2)
FN:26,(anonymous_3)
FN:45,(anonymous_4)
FNF:5
FNH:4
FNDA:4,(anonymous_0)
FNDA:11,(anonymous_1)
FNDA:2,(anonymous_2)
FNDA:0,(anonymous_3)
FNDA:2,(anonymous_4)
DA:3,4
DA:4,4
DA:5,4
DA:6,4
DA:11,11
DA:12,13
DA:13,13
DA:14,13
DA:16,11
DA:20,2
DA:21,1
DA:23,1
DA:27,0
DA:28,0
DA:29,0
DA:35,0
DA:36,0
DA:37,0
DA:38,0
DA:39,0
DA:46,2
DA:47,2
DA:48,2
DA:49,2
DA:50,1
DA:51,1
DA:52,1
DA:54,0
DA:55,0
DA:58,1
DA:59,0
DA:62,2
LF:32
LH:21
BRDA:20,0,0,1
BRDA:20,0,1,1
BRDA:20,1,0,2
BRDA:20,1,1,1
BRDA:36,2,0,0
BRDA:36,2,1,0
BRDA:36,3,0,0
BRDA:36,3,1,0
BRDA:36,3,2,0
BRDA:36,3,3,0
BRDA:38,4,0,0
BRDA:38,4,1,0
BRDA:38,5,0,0
BRDA:38,5,1,0
BRDA:49,6,0,1
BRDA:49,6,1,1
BRDA:50,7,0,1
BRDA:50,7,1,0
BRDA:58,8,0,0
BRDA:58,8,1,1
BRDA:58,9,0,1
BRDA:58,9,1,0
BRF:22
BRH:9
end_of_record
TN:
SF:Game.js
FN:6,(anonymous_0)
FN:17,(anonymous_1)
FN:24,(anonymous_2)
FN:68,(anonymous_3)
FN:81,(anonymous_4)
FN:91,(anonymous_5)
FNF:6
FNH:3
FNDA:2,(anonymous_0)
FNDA:0,(anonymous_1)
FNDA:1,(anonymous_2)
FNDA:1,(anonymous_3)
FNDA:0,(anonymous_4)
FNDA:0,(anonymous_5)
DA:7,2
DA:8,2
DA:9,2
DA:10,2
DA:11,2
DA:12,2
DA:13,2
DA:14,2
DA:18,0
DA:19,0
DA:20,0
DA:25,1
DA:27,1
DA:28,1
DA:29,1
DA:30,0
DA:31,0
DA:33,1
DA:34,0
DA:35,0
DA:37,1
DA:38,1
DA:39,1
DA:47,0
DA:52,0
DA:54,1
DA:56,1
DA:57,1
DA:58,1
DA:59,1
DA:60,1
DA:61,1
DA:64,0
DA:69,1
DA:70,1
DA:71,1
DA:72,1
DA:73,1
DA:74,1
DA:77,0
DA:82,0
DA:83,0
DA:84,0
DA:85,0
DA:86,0
DA:88,0
DA:92,0
DA:93,0
DA:94,0
DA:95,0
DA:96,0
DA:97,0
DA:100,0
DA:101,0
DA:102,0
DA:104,0
DA:105,0
DA:108,0
DA:109,0
DA:110,0
DA:112,0
DA:113,0
DA:114,0
DA:115,0
LF:64
LH:29
BRDA:6,0,0,0
BRDA:6,1,0,0
BRDA:6,2,0,0
BRDA:6,3,0,0
BRDA:29,4,0,0
BRDA:29,4,1,1
BRDA:33,5,0,0
BRDA:33,5,1,1
BRDA:39,6,0,0
BRDA:39,6,1,1
BRDA:40,7,0,1
BRDA:40,7,1,1
BRDA:40,7,2,1
BRDA:40,7,3,1
BRDA:40,7,4,1
BRDA:40,7,5,1
BRDA:58,8,0,1
BRDA:58,8,1,0
BRDA:60,9,0,1
BRDA:60,9,1,0
BRDA:71,10,0,1
BRDA:71,10,1,0
BRDA:73,11,0,1
BRDA:73,11,1,0
BRDA:86,12,0,0
BRDA:86,12,1,0
BRDA:86,13,0,0
BRDA:86,13,1,0
BRDA:96,14,0,0
BRDA:96,14,1,0
BRDA:104,15,0,0
BRDA:104,15,1,0
BRDA:114,16,0,0
BRDA:114,16,1,0
BRF:34
BRH:13
end_of_record
TN:
SF:Ship.js
FN:2,(anonymous_0)
FN:7,(anonymous_1)
FN:16,(anonymous_2)
FNF:3
FNH:3
FNDA:11,(anonymous_0)
FNDA:15,(anonymous_1)
FNDA:12,(anonymous_2)
DA:3,11
DA:4,11
DA:8,15
DA:9,15
DA:10,12
DA:11,12
DA:13,3
DA:17,12
LF:8
LH:8
BRDA:9,0,0,12
BRDA:9,0,1,3
BRDA:9,1,0,15
BRDA:9,1,1,13
BRF:4
BRH:4
end_of_record
TN:
SF:UI.js
FN:5,(anonymous_0)
FN:9,(anonymous_1)
FN:10,(anonymous_2)
FN:11,(anonymous_3)
FN:15,(anonymous_4)
FN:19,(anonymous_5)
FNF:6
FNH:1
FNDA:2,(anonymous_0)
FNDA:0,(anonymous_1)
FNDA:0,(anonymous_2)
FNDA:0,(anonymous_3)
FNDA:0,(anonymous_4)
FNDA:0,(anonymous_5)
DA:6,2
DA:10,0
DA:11,0
DA:16,0
DA:20,0
LF:5
LH:1
BRF:0
BRH:0
end_of_record
